<?xml version="1.0" encoding="UTF-8"?>
<!-- Generated by org.testng.reporters.JUnitReportReporter -->
<testsuite hostname="NBIRTHRA-LAP" name="testCases.TestCaseName" tests="1" failures="0" timestamp="9 Apr 2018 13:16:15 GMT" time="28.913" errors="0">
  <testcase name="TC_ID" time="28.913" classname="testCases.TestCaseName"/>
</testsuite> <!-- testCases.TestCaseName -->
