<?xml version="1.0" encoding="UTF-8"?>
<!-- Generated by org.testng.reporters.JUnitReportReporter -->
<testsuite hostname="NBIRTHRA-LAP" name="testCases.TestCaseName" tests="1" failures="0" timestamp="10 Apr 2018 18:30:08 GMT" time="93.579" errors="0">
  <testcase name="TC_ID" time="93.579" classname="testCases.TestCaseName"/>
</testsuite> <!-- testCases.TestCaseName -->
